#
# There is insufficient memory for the Java Runtime Environment to continue.
# Native memory allocation (malloc) failed to allocate 313936 bytes for Chunk::new
# Possible reasons:
#   The system is out of physical RAM or swap space
#   The process is running with CompressedOops enabled, and the Java Heap may be blocking the growth of the native heap
# Possible solutions:
#   Reduce memory load on the system
#   Increase physical memory or swap space
#   Check if swap backing store is full
#   Decrease Java heap size (-Xmx/-Xms)
#   Decrease number of Java threads
#   Decrease Java thread stack sizes (-Xss)
#   Set larger code cache with -XX:ReservedCodeCacheSize=
#   JVM is running with Zero Based Compressed Oops mode in which the Java heap is
#     placed in the first 32GB address space. The Java Heap base address is the
#     maximum limit for the native heap growth. Please use -XX:HeapBaseMinAddress
#     to set the Java Heap base and to place the Java Heap above 32GB virtual address.
# This output file may be truncated or incomplete.
#
#  Out of Memory Error (arena.cpp:168), pid=17360, tid=20168
#
# JRE version: Java(TM) SE Runtime Environment (21.0.1+12) (build 21.0.1+12-LTS-29)
# Java VM: Java HotSpot(TM) 64-Bit Server VM (21.0.1+12-LTS-29, mixed mode, sharing, tiered, compressed oops, compressed class ptrs, g1 gc, windows-amd64)
# No core dump will be written. Minidumps are not enabled by default on client versions of Windows
#

---------------  S U M M A R Y ------------

Command Line: -javaagent:C:\Program Files\JetBrains\IntelliJIdea2023.3\lib\idea_rt.jar=13977:C:\Program Files\JetBrains\IntelliJIdea2023.3\bin -Dfile.encoding=UTF-8 -Dsun.stdout.encoding=UTF-8 -Dsun.stderr.encoding=UTF-8 cz.vsb.magistri.Main

Host: Intel(R) Core(TM) i7-4720HQ CPU @ 2.60GHz, 8 cores, 31G,  Windows 10 , 64 bit Build 19041 (10.0.19041.3636)
Time: Wed Jun 26 22:53:30 2024 Stindows 10 , 64 bit Build 19041 (10.0.19041.3636) elapsed time: 1.338846 seconds (0d 0h 0m 1s)

---------------  T H R E A D  ---------------

Current thread (0x0000017dd344d8a0):  JavaThread "C2 CompilerThread0" daemon [_thread_in_native, id=20168, stack(0x0000001f02100000,0x0000001f02200000) (1024K)]


Current CompileTask:
C2:   1338 1664       4       jdk.internal.loader.URLClassPath::getResource (74 bytes)

Stack: [0x0000001f02100000,0x0000001f02200000]
Native frames: (J=compiled Java code, j=interpreted, Vv=VM code, C=native code)
V  [jvm.dll+0x6c9029]
V  [jvm.dll+0x854b81]
V  [jvm.dll+0x856e5e]
V  [jvm.dll+0x857543]
V  [jvm.dll+0x280c06]
V  [jvm.dll+0xc3ead]
V  [jvm.dll+0xc43c3]
V  [jvm.dll+0x2f3f3f]
V  [jvm.dll+0x5f40a6]
V  [jvm.dll+0x252bef]
V  [jvm.dll+0x24b431]
V  [jvm.dll+0x248fa3]
V  [jvm.dll+0x1c9ca1]
V  [jvm.dll+0x2586b9]
V  [jvm.dll+0x256c9a]
V  [jvm.dll+0x3ef1b6]
V  [jvm.dll+0x7fd728]
V  [jvm.dll+0x6c777d]
C  [ucrtbase.dll+0x21bb2]
C  [KERNEL32.DLL+0x17344]
C  [ntdll.dll+0x4cc91]


---------------  P R O C E S S  ---------------

Threads class SMR info:
_java_thread_list=0x0000017e1c0c25d0, length=14, elements={
0x0000017dafa41130, 0x0000017dd3440580, 0x0000017dd34414a0, 0x0000017dd3443270,
0x0000017dd3445de0, 0x0000017dd3446920, 0x0000017dd3447600, 0x0000017dd344d8a0,
0x0000017dd344e340, 0x0000017e1b114670, 0x0000017e1b452240, 0x0000017e1b4528b0,
0x0000017e1b3f8c70, 0x0000017e1bff3260
}

Java Threads: ( => current thread )
  0x0000017dafa41130 JavaThread "main"                              [_thread_in_vm, id=22592, stack(0x0000001f01300000,0x0000001f01400000) (1024K)]
  0x0000017dd3440580 JavaThread "Reference Handler"          daemon [_thread_blocked, id=8468, stack(0x0000001f01b00000,0x0000001f01c00000) (1024K)]
  0x0000017dd34414a0 JavaThread "Finalizer"                  daemon [_thread_blocked, id=12052, stack(0x0000001f01c00000,0x0000001f01d00000) (1024K)]
  0x0000017dd3443270 JavaThread "Signal Dispatcher"          daemon [_thread_blocked, id=8684, stack(0x0000001f01d00000,0x0000001f01e00000) (1024K)]
  0x0000017dd3445de0 JavaThread "Attach Listener"            daemon [_thread_blocked, id=5644, stack(0x0000001f01e00000,0x0000001f01f00000) (1024K)]
  0x0000017dd3446920 JavaThread "Service Thread"             daemon [_thread_blocked, id=2752, stack(0x0000001f01f00000,0x0000001f02000000) (1024K)]
  0x0000017dd3447600 JavaThread "Monitor Deflation Thread"   daemon [_thread_blocked, id=15560, stack(0x0000001f02000000,0x0000001f02100000) (1024K)]
=>0x0000017dd344d8a0 JavaThread "C2 CompilerThread0"         daemon [_thread_in_native, id=20168, stack(0x0000001f02100000,0x0000001f02200000) (1024K)]
  0x0000017dd344e340 JavaThread "C1 CompilerThread0"         daemon [_thread_blocked, id=3372, stack(0x0000001f02200000,0x0000001f02300000) (1024K)]
  0x0000017e1b114670 JavaThread "Common-Cleaner"             daemon [_thread_blocked, id=21220, stack(0x0000001f02300000,0x0000001f02400000) (1024K)]
  0x0000017e1b452240 JavaThread "Monitor Ctrl-Break"         daemon [_thread_in_native, id=20744, stack(0x0000001f02400000,0x0000001f02500000) (1024K)]
  0x0000017e1b4528b0 JavaThread "Notification Thread"        daemon [_thread_blocked, id=24340, stack(0x0000001f02500000,0x0000001f02600000) (1024K)]
  0x0000017e1b3f8c70 JavaThread "C2 CompilerThread1"         daemon [_thread_in_native, id=24572, stack(0x0000001f02600000,0x0000001f02700000) (1024K)]
  0x0000017e1bff3260 JavaThread "background-preinit"                [_thread_in_vm, id=19004, stack(0x0000001f02e00000,0x0000001f02f00000) (1024K)]
Total: 14

Other Threads:
  0x0000017dd34219a0 VMThread "VM Thread"                           [id=11524, stack(0x0000001f01a00000,0x0000001f01b00000) (1024K)]
  0x0000017dd340a0a0 WatcherThread "VM Periodic Task Thread"        [id=7044, stack(0x0000001f01900000,0x0000001f01a00000) (1024K)]
  0x0000017dd3290780 WorkerThread "GC Thread#0"                     [id=23048, stack(0x0000001f01400000,0x0000001f01500000) (1024K)]
  0x0000017e1be935e0 WorkerThread "GC Thread#1"                     [id=22400, stack(0x0000001f02700000,0x0000001f02800000) (1024K)]
  0x0000017e1bd80c50 WorkerThread "GC Thread#2"                     [id=24552, stack(0x0000001f02800000,0x0000001f02900000) (1024K)]
  0x0000017e1bd80ff0 WorkerThread "GC Thread#3"                     [id=25040, stack(0x0000001f02900000,0x0000001f02a00000) (1024K)]
  0x0000017e1bd81390 WorkerThread "GC Thread#4"                     [id=21904, stack(0x0000001f02a00000,0x0000001f02b00000) (1024K)]
  0x0000017e1be97b10 WorkerThread "GC Thread#5"                     [id=23912, stack(0x0000001f02b00000,0x0000001f02c00000) (1024K)]
  0x0000017e1be98330 WorkerThread "GC Thread#6"                     [id=17616, stack(0x0000001f02c00000,0x0000001f02d00000) (1024K)]
  0x0000017e1be98b50 WorkerThread "GC Thread#7"                     [id=20368, stack(0x0000001f02d00000,0x0000001f02e00000) (1024K)]
  0x0000017dafd11f50 ConcurrentGCThread "G1 Main Marker"            [id=14304, stack(0x0000001f01500000,0x0000001f01600000) (1024K)]
  0x0000017dafd13100 WorkerThread "G1 Conc#0"                       [id=19996, stack(0x0000001f01600000,0x0000001f01700000) (1024K)]
  0x0000017dd32da010 ConcurrentGCThread "G1 Refine#0"               [id=24820, stack(0x0000001f01700000,0x0000001f01800000) (1024K)]
  0x0000017dd32dab80 ConcurrentGCThread "G1 Service"                [id=25348, stack(0x0000001f01800000,0x0000001f01900000) (1024K)]
Total: 14

Threads with active compile tasks:
C2 CompilerThread0     1373 1664       4       jdk.internal.loader.URLClassPath::getResource (74 bytes)
C2 CompilerThread1     1374 1669       4       java.util.jar.JarFile::getVersionedEntry (133 bytes)
Total: 2

VM state: not at safepoint (normal execution)

VM Mutex/Monitor currently owned by a thread:  ([mutex/lock_event])
[0x00007ffffff0acf8] SystemDictionary_lock - owner thread: 0x0000000000000000

Heap address: 0x0000000604c00000, size: 8116 MB, Compressed Oops mode: Zero based, Oop shift amount: 3

CDS archive(s) mapped at: [0x0000017dd6000000-0x0000017dd6c90000-0x0000017dd6c90000), size 13172736, SharedBaseAddress: 0x0000017dd6000000, ArchiveRelocationMode: 1.
Compressed class space mapped at: 0x0000017dd7000000-0x0000017e17000000, reserved size: 1073741824
Narrow klass base: 0x0000017dd6000000, Narrow klass shift: 0, Narrow klass range: 0x100000000

GC Precious Log:
 CardTable entry size: 512
 Card Set container configuration: InlinePtr #cards 4 size 8 Array Of Cards #cards 32 size 80 Howl #buckets 8 coarsen threshold 7372 Howl Bitmap #cards 1024 size 144 coarsen threshold 921 Card regions per heap region 1 cards per card region 8192
 CPUs: 8 total, 8 available
 Memory: 32460M
 Large Page Support: Disabled
 NUMA Support: Disabled
 Compressed Oops: Enabled (Zero based)
 Heap Region Size: 4M
 Heap Min Capacity: 8M
 Heap Initial Capacity: 508M
 Heap Max Capacity: 8116M
 Pre-touch: Disabled
 Parallel Workers: 8
 Concurrent Workers: 2
 Concurrent Refinement Workers: 8
 Periodic GC: Disabled

Heap:
 garbage-first heap   total 520192K, used 23348K [0x0000000604c00000, 0x0000000800000000)
  region size 4096K, 6 young (24576K), 1 survivors (4096K)
 Metaspace       used 10670K, committed 10880K, reserved 1114112K
  class space    used 1313K, committed 1408K, reserved 1048576K

Heap Regions: E=young(eden), S=young(survivor), O=old, HS=humongous(starts), HC=humongous(continues), CS=collection set, F=free, TAMS=top-at-mark-start, PB=parsable bottom
|   0|0x0000000604c00000, 0x0000000604ecd1e0, 0x0000000605000000| 70%| O|  |TAMS 0x0000000604c00000| PB 0x0000000604c00000| Untracked 
|   1|0x0000000605000000, 0x0000000605000000, 0x0000000605400000|  0%| F|  |TAMS 0x0000000605000000| PB 0x0000000605000000| Untracked 
|   2|0x0000000605400000, 0x0000000605400000, 0x0000000605800000|  0%| F|  |TAMS 0x0000000605400000| PB 0x0000000605400000| Untracked 
|   3|0x0000000605800000, 0x0000000605800000, 0x0000000605c00000|  0%| F|  |TAMS 0x0000000605800000| PB 0x0000000605800000| Untracked 
|   4|0x0000000605c00000, 0x0000000605c00000, 0x0000000606000000|  0%| F|  |TAMS 0x0000000605c00000| PB 0x0000000605c00000| Untracked 
|   5|0x0000000606000000, 0x0000000606000000, 0x0000000606400000|  0%| F|  |TAMS 0x0000000606000000| PB 0x0000000606000000| Untracked 
|   6|0x0000000606400000, 0x0000000606400000, 0x0000000606800000|  0%| F|  |TAMS 0x0000000606400000| PB 0x0000000606400000| Untracked 
|   7|0x0000000606800000, 0x0000000606800000, 0x0000000606c00000|  0%| F|  |TAMS 0x0000000606800000| PB 0x0000000606800000| Untracked 
|   8|0x0000000606c00000, 0x0000000606c00000, 0x0000000607000000|  0%| F|  |TAMS 0x0000000606c00000| PB 0x0000000606c00000| Untracked 
|   9|0x0000000607000000, 0x0000000607000000, 0x0000000607400000|  0%| F|  |TAMS 0x0000000607000000| PB 0x0000000607000000| Untracked 
|  10|0x0000000607400000, 0x0000000607400000, 0x0000000607800000|  0%| F|  |TAMS 0x0000000607400000| PB 0x0000000607400000| Untracked 
|  11|0x0000000607800000, 0x0000000607800000, 0x0000000607c00000|  0%| F|  |TAMS 0x0000000607800000| PB 0x0000000607800000| Untracked 
|  12|0x0000000607c00000, 0x0000000607c00000, 0x0000000608000000|  0%| F|  |TAMS 0x0000000607c00000| PB 0x0000000607c00000| Untracked 
|  13|0x0000000608000000, 0x0000000608000000, 0x0000000608400000|  0%| F|  |TAMS 0x0000000608000000| PB 0x0000000608000000| Untracked 
|  14|0x0000000608400000, 0x0000000608400000, 0x0000000608800000|  0%| F|  |TAMS 0x0000000608400000| PB 0x0000000608400000| Untracked 
|  15|0x0000000608800000, 0x0000000608800000, 0x0000000608c00000|  0%| F|  |TAMS 0x0000000608800000| PB 0x0000000608800000| Untracked 
|  16|0x0000000608c00000, 0x0000000608c00000, 0x0000000609000000|  0%| F|  |TAMS 0x0000000608c00000| PB 0x0000000608c00000| Untracked 
|  17|0x0000000609000000, 0x0000000609000000, 0x0000000609400000|  0%| F|  |TAMS 0x0000000609000000| PB 0x0000000609000000| Untracked 
|  18|0x0000000609400000, 0x0000000609400000, 0x0000000609800000|  0%| F|  |TAMS 0x0000000609400000| PB 0x0000000609400000| Untracked 
|  19|0x0000000609800000, 0x0000000609800000, 0x0000000609c00000|  0%| F|  |TAMS 0x0000000609800000| PB 0x0000000609800000| Untracked 
|  20|0x0000000609c00000, 0x0000000609c00000, 0x000000060a000000|  0%| F|  |TAMS 0x0000000609c00000| PB 0x0000000609c00000| Untracked 
|  21|0x000000060a000000, 0x000000060a000000, 0x000000060a400000|  0%| F|  |TAMS 0x000000060a000000| PB 0x000000060a000000| Untracked 
|  22|0x000000060a400000, 0x000000060a400000, 0x000000060a800000|  0%| F|  |TAMS 0x000000060a400000| PB 0x000000060a400000| Untracked 
|  23|0x000000060a800000, 0x000000060a800000, 0x000000060ac00000|  0%| F|  |TAMS 0x000000060a800000| PB 0x000000060a800000| Untracked 
|  24|0x000000060ac00000, 0x000000060ac00000, 0x000000060b000000|  0%| F|  |TAMS 0x000000060ac00000| PB 0x000000060ac00000| Untracked 
|  25|0x000000060b000000, 0x000000060b000000, 0x000000060b400000|  0%| F|  |TAMS 0x000000060b000000| PB 0x000000060b000000| Untracked 
|  26|0x000000060b400000, 0x000000060b400000, 0x000000060b800000|  0%| F|  |TAMS 0x000000060b400000| PB 0x000000060b400000| Untracked 
|  27|0x000000060b800000, 0x000000060b800000, 0x000000060bc00000|  0%| F|  |TAMS 0x000000060b800000| PB 0x000000060b800000| Untracked 
|  28|0x000000060bc00000, 0x000000060bc00000, 0x000000060c000000|  0%| F|  |TAMS 0x000000060bc00000| PB 0x000000060bc00000| Untracked 
|  29|0x000000060c000000, 0x000000060c000000, 0x000000060c400000|  0%| F|  |TAMS 0x000000060c000000| PB 0x000000060c000000| Untracked 
|  30|0x000000060c400000, 0x000000060c400000, 0x000000060c800000|  0%| F|  |TAMS 0x000000060c400000| PB 0x000000060c400000| Untracked 
|  31|0x000000060c800000, 0x000000060c800000, 0x000000060cc00000|  0%| F|  |TAMS 0x000000060c800000| PB 0x000000060c800000| Untracked 
|  32|0x000000060cc00000, 0x000000060cc00000, 0x000000060d000000|  0%| F|  |TAMS 0x000000060cc00000| PB 0x000000060cc00000| Untracked 
|  33|0x000000060d000000, 0x000000060d000000, 0x000000060d400000|  0%| F|  |TAMS 0x000000060d000000| PB 0x000000060d000000| Untracked 
|  34|0x000000060d400000, 0x000000060d400000, 0x000000060d800000|  0%| F|  |TAMS 0x000000060d400000| PB 0x000000060d400000| Untracked 
|  35|0x000000060d800000, 0x000000060d800000, 0x000000060dc00000|  0%| F|  |TAMS 0x000000060d800000| PB 0x000000060d800000| Untracked 
|  36|0x000000060dc00000, 0x000000060dc00000, 0x000000060e000000|  0%| F|  |TAMS 0x000000060dc00000| PB 0x000000060dc00000| Untracked 
|  37|0x000000060e000000, 0x000000060e000000, 0x000000060e400000|  0%| F|  |TAMS 0x000000060e000000| PB 0x000000060e000000| Untracked 
|  38|0x000000060e400000, 0x000000060e400000, 0x000000060e800000|  0%| F|  |TAMS 0x000000060e400000| PB 0x000000060e400000| Untracked 
|  39|0x000000060e800000, 0x000000060e800000, 0x000000060ec00000|  0%| F|  |TAMS 0x000000060e800000| PB 0x000000060e800000| Untracked 
|  40|0x000000060ec00000, 0x000000060ec00000, 0x000000060f000000|  0%| F|  |TAMS 0x000000060ec00000| PB 0x000000060ec00000| Untracked 
|  41|0x000000060f000000, 0x000000060f000000, 0x000000060f400000|  0%| F|  |TAMS 0x000000060f000000| PB 0x000000060f000000| Untracked 
|  42|0x000000060f400000, 0x000000060f400000, 0x000000060f800000|  0%| F|  |TAMS 0x000000060f400000| PB 0x000000060f400000| Untracked 
|  43|0x000000060f800000, 0x000000060f800000, 0x000000060fc00000|  0%| F|  |TAMS 0x000000060f800000| PB 0x000000060f800000| Untracked 
|  44|0x000000060fc00000, 0x000000060fc00000, 0x0000000610000000|  0%| F|  |TAMS 0x000000060fc00000| PB 0x000000060fc00000| Untracked 
|  45|0x0000000610000000, 0x0000000610000000, 0x0000000610400000|  0%| F|  |TAMS 0x0000000610000000| PB 0x0000000610000000| Untracked 
|  46|0x0000000610400000, 0x0000000610400000, 0x0000000610800000|  0%| F|  |TAMS 0x0000000610400000| PB 0x0000000610400000| Untracked 
|  47|0x0000000610800000, 0x0000000610800000, 0x0000000610c00000|  0%| F|  |TAMS 0x0000000610800000| PB 0x0000000610800000| Untracked 
|  48|0x0000000610c00000, 0x0000000610c00000, 0x0000000611000000|  0%| F|  |TAMS 0x0000000610c00000| PB 0x0000000610c00000| Untracked 
|  49|0x0000000611000000, 0x0000000611000000, 0x0000000611400000|  0%| F|  |TAMS 0x0000000611000000| PB 0x0000000611000000| Untracked 
|  50|0x0000000611400000, 0x0000000611400000, 0x0000000611800000|  0%| F|  |TAMS 0x0000000611400000| PB 0x0000000611400000| Untracked 
|  51|0x0000000611800000, 0x0000000611800000, 0x0000000611c00000|  0%| F|  |TAMS 0x0000000611800000| PB 0x0000000611800000| Untracked 
|  52|0x0000000611c00000, 0x0000000611c00000, 0x0000000612000000|  0%| F|  |TAMS 0x0000000611c00000| PB 0x0000000611c00000| Untracked 
|  53|0x0000000612000000, 0x0000000612000000, 0x0000000612400000|  0%| F|  |TAMS 0x0000000612000000| PB 0x0000000612000000| Untracked 
|  54|0x0000000612400000, 0x0000000612400000, 0x0000000612800000|  0%| F|  |TAMS 0x0000000612400000| PB 0x0000000612400000| Untracked 
|  55|0x0000000612800000, 0x0000000612800000, 0x0000000612c00000|  0%| F|  |TAMS 0x0000000612800000| PB 0x0000000612800000| Untracked 
|  56|0x0000000612c00000, 0x0000000612c00000, 0x0000000613000000|  0%| F|  |TAMS 0x0000000612c00000| PB 0x0000000612c00000| Untracked 
|  57|0x0000000613000000, 0x0000000613000000, 0x0000000613400000|  0%| F|  |TAMS 0x0000000613000000| PB 0x0000000613000000| Untracked 
|  58|0x0000000613400000, 0x0000000613400000, 0x0000000613800000|  0%| F|  |TAMS 0x0000000613400000| PB 0x0000000613400000| Untracked 
|  59|0x0000000613800000, 0x0000000613800000, 0x0000000613c00000|  0%| F|  |TAMS 0x0000000613800000| PB 0x0000000613800000| Untracked 
|  60|0x0000000613c00000, 0x0000000613c00000, 0x0000000614000000|  0%| F|  |TAMS 0x0000000613c00000| PB 0x0000000613c00000| Untracked 
|  61|0x0000000614000000, 0x0000000614000000, 0x0000000614400000|  0%| F|  |TAMS 0x0000000614000000| PB 0x0000000614000000| Untracked 
|  62|0x0000000614400000, 0x0000000614400000, 0x0000000614800000|  0%| F|  |TAMS 0x0000000614400000| PB 0x0000000614400000| Untracked 
|  63|0x0000000614800000, 0x0000000614800000, 0x0000000614c00000|  0%| F|  |TAMS 0x0000000614800000| PB 0x0000000614800000| Untracked 
|  64|0x0000000614c00000, 0x0000000614c00000, 0x0000000615000000|  0%| F|  |TAMS 0x0000000614c00000| PB 0x0000000614c00000| Untracked 
|  65|0x0000000615000000, 0x0000000615000000, 0x0000000615400000|  0%| F|  |TAMS 0x0000000615000000| PB 0x0000000615000000| Untracked 
|  66|0x0000000615400000, 0x0000000615400000, 0x0000000615800000|  0%| F|  |TAMS 0x0000000615400000| PB 0x0000000615400000| Untracked 
|  67|0x0000000615800000, 0x0000000615800000, 0x0000000615c00000|  0%| F|  |TAMS 0x0000000615800000| PB 0x0000000615800000| Untracked 
|  68|0x0000000615c00000, 0x0000000615c00000, 0x0000000616000000|  0%| F|  |TAMS 0x0000000615c00000| PB 0x0000000615c00000| Untracked 
|  69|0x0000000616000000, 0x0000000616000000, 0x0000000616400000|  0%| F|  |TAMS 0x0000000616000000| PB 0x0000000616000000| Untracked 
|  70|0x0000000616400000, 0x0000000616400000, 0x0000000616800000|  0%| F|  |TAMS 0x0000000616400000| PB 0x0000000616400000| Untracked 
|  71|0x0000000616800000, 0x0000000616800000, 0x0000000616c00000|  0%| F|  |TAMS 0x0000000616800000| PB 0x0000000616800000| Untracked 
|  72|0x0000000616c00000, 0x0000000616c00000, 0x0000000617000000|  0%| F|  |TAMS 0x0000000616c00000| PB 0x0000000616c00000| Untracked 
|  73|0x0000000617000000, 0x0000000617000000, 0x0000000617400000|  0%| F|  |TAMS 0x0000000617000000| PB 0x0000000617000000| Untracked 
|  74|0x0000000617400000, 0x0000000617400000, 0x0000000617800000|  0%| F|  |TAMS 0x0000000617400000| PB 0x0000000617400000| Untracked 
|  75|0x0000000617800000, 0x0000000617800000, 0x0000000617c00000|  0%| F|  |TAMS 0x0000000617800000| PB 0x0000000617800000| Untracked 
|  76|0x0000000617c00000, 0x0000000617c00000, 0x0000000618000000|  0%| F|  |TAMS 0x0000000617c00000| PB 0x0000000617c00000| Untracked 
|  77|0x0000000618000000, 0x0000000618000000, 0x0000000618400000|  0%| F|  |TAMS 0x0000000618000000| PB 0x0000000618000000| Untracked 
|  78|0x0000000618400000, 0x0000000618400000, 0x0000000618800000|  0%| F|  |TAMS 0x0000000618400000| PB 0x0000000618400000| Untracked 
|  79|0x0000000618800000, 0x0000000618800000, 0x0000000618c00000|  0%| F|  |TAMS 0x0000000618800000| PB 0x0000000618800000| Untracked 
|  80|0x0000000618c00000, 0x0000000618c00000, 0x0000000619000000|  0%| F|  |TAMS 0x0000000618c00000| PB 0x0000000618c00000| Untracked 
|  81|0x0000000619000000, 0x0000000619000000, 0x0000000619400000|  0%| F|  |TAMS 0x0000000619000000| PB 0x0000000619000000| Untracked 
|  82|0x0000000619400000, 0x0000000619400000, 0x0000000619800000|  0%| F|  |TAMS 0x0000000619400000| PB 0x0000000619400000| Untracked 
|  83|0x0000000619800000, 0x0000000619800000, 0x0000000619c00000|  0%| F|  |TAMS 0x0000000619800000| PB 0x0000000619800000| Untracked 
|  84|0x0000000619c00000, 0x0000000619c00000, 0x000000061a000000|  0%| F|  |TAMS 0x0000000619c00000| PB 0x0000000619c00000| Untracked 
|  85|0x000000061a000000, 0x000000061a000000, 0x000000061a400000|  0%| F|  |TAMS 0x000000061a000000| PB 0x000000061a000000| Untracked 
|  86|0x000000061a400000, 0x000000061a400000, 0x000000061a800000|  0%| F|  |TAMS 0x000000061a400000| PB 0x000000061a400000| Untracked 
|  87|0x000000061a800000, 0x000000061a800000, 0x000000061ac00000|  0%| F|  |TAMS 0x000000061a800000| PB 0x000000061a800000| Untracked 
|  88|0x000000061ac00000, 0x000000061ac00000, 0x000000061b000000|  0%| F|  |TAMS 0x000000061ac00000| PB 0x000000061ac00000| Untracked 
|  89|0x000000061b000000, 0x000000061b000000, 0x000000061b400000|  0%| F|  |TAMS 0x000000061b000000| PB 0x000000061b000000| Untracked 
|  90|0x000000061b400000, 0x000000061b400000, 0x000000061b800000|  0%| F|  |TAMS 0x000000061b400000| PB 0x000000061b400000| Untracked 
|  91|0x000000061b800000, 0x000000061b800000, 0x000000061bc00000|  0%| F|  |TAMS 0x000000061b800000| PB 0x000000061b800000| Untracked 
|  92|0x000000061bc00000, 0x000000061bc00000, 0x000000061c000000|  0%| F|  |TAMS 0x000000061bc00000| PB 0x000000061bc00000| Untracked 
|  93|0x000000061c000000, 0x000000061c000000, 0x000000061c400000|  0%| F|  |TAMS 0x000000061c000000| PB 0x000000061c000000| Untracked 
|  94|0x000000061c400000, 0x000000061c400000, 0x000000061c800000|  0%| F|  |TAMS 0x000000061c400000| PB 0x000000061c400000| Untracked 
|  95|0x000000061c800000, 0x000000061c800000, 0x000000061cc00000|  0%| F|  |TAMS 0x000000061c800000| PB 0x000000061c800000| Untracked 
|  96|0x000000061cc00000, 0x000000061cc00000, 0x000000061d000000|  0%| F|  |TAMS 0x000000061cc00000| PB 0x000000061cc00000| Untracked 
|  97|0x000000061d000000, 0x000000061d000000, 0x000000061d400000|  0%| F|  |TAMS 0x000000061d000000| PB 0x000000061d000000| Untracked 
|  98|0x000000061d400000, 0x000000061d400000, 0x000000061d800000|  0%| F|  |TAMS 0x000000061d400000| PB 0x000000061d400000| Untracked 
|  99|0x000000061d800000, 0x000000061d800000, 0x000000061dc00000|  0%| F|  |TAMS 0x000000061d800000| PB 0x000000061d800000| Untracked 
| 100|0x000000061dc00000, 0x000000061dc00000, 0x000000061e000000|  0%| F|  |TAMS 0x000000061dc00000| PB 0x000000061dc00000| Untracked 
| 101|0x000000061e000000, 0x000000061e000000, 0x000000061e400000|  0%| F|  |TAMS 0x000000061e000000| PB 0x000000061e000000| Untracked 
| 102|0x000000061e400000, 0x000000061e400000, 0x000000061e800000|  0%| F|  |TAMS 0x000000061e400000| PB 0x000000061e400000| Untracked 
| 103|0x000000061e800000, 0x000000061e800000, 0x000000061ec00000|  0%| F|  |TAMS 0x000000061e800000| PB 0x000000061e800000| Untracked 
| 104|0x000000061ec00000, 0x000000061ec00000, 0x000000061f000000|  0%| F|  |TAMS 0x000000061ec00000| PB 0x000000061ec00000| Untracked 
| 105|0x000000061f000000, 0x000000061f000000, 0x000000061f400000|  0%| F|  |TAMS 0x000000061f000000| PB 0x000000061f000000| Untracked 
| 106|0x000000061f400000, 0x000000061f400000, 0x000000061f800000|  0%| F|  |TAMS 0x000000061f400000| PB 0x000000061f400000| Untracked 
| 107|0x000000061f800000, 0x000000061f800000, 0x000000061fc00000|  0%| F|  |TAMS 0x000000061f800000| PB 0x000000061f800000| Untracked 
| 108|0x000000061fc00000, 0x000000061fc00000, 0x0000000620000000|  0%| F|  |TAMS 0x000000061fc00000| PB 0x000000061fc00000| Untracked 
| 109|0x0000000620000000, 0x0000000620000000, 0x0000000620400000|  0%| F|  |TAMS 0x0000000620000000| PB 0x0000000620000000| Untracked 
| 110|0x0000000620400000, 0x0000000620400000, 0x0000000620800000|  0%| F|  |TAMS 0x0000000620400000| PB 0x0000000620400000| Untracked 
| 111|0x0000000620800000, 0x0000000620800000, 0x0000000620c00000|  0%| F|  |TAMS 0x0000000620800000| PB 0x0000000620800000| Untracked 
| 112|0x0000000620c00000, 0x0000000620c00000, 0x0000000621000000|  0%| F|  |TAMS 0x0000000620c00000| PB 0x0000000620c00000| Untracked 
| 113|0x0000000621000000, 0x0000000621000000, 0x0000000621400000|  0%| F|  |TAMS 0x0000000621000000| PB 0x0000000621000000| Untracked 
| 114|0x0000000621400000, 0x0000000621400000, 0x0000000621800000|  0%| F|  |TAMS 0x0000000621400000| PB 0x0000000621400000| Untracked 
| 115|0x0000000621800000, 0x0000000621800000, 0x0000000621c00000|  0%| F|  |TAMS 0x0000000621800000| PB 0x0000000621800000| Untracked 
| 116|0x0000000621c00000, 0x0000000621c00000, 0x0000000622000000|  0%| F|  |TAMS 0x0000000621c00000| PB 0x0000000621c00000| Untracked 
| 117|0x0000000622000000, 0x0000000622000000, 0x0000000622400000|  0%| F|  |TAMS 0x0000000622000000| PB 0x0000000622000000| Untracked 
| 118|0x0000000622400000, 0x0000000622400000, 0x0000000622800000|  0%| F|  |TAMS 0x0000000622400000| PB 0x0000000622400000| Untracked 
| 119|0x0000000622800000, 0x0000000622800000, 0x0000000622c00000|  0%| F|  |TAMS 0x0000000622800000| PB 0x0000000622800000| Untracked 
| 120|0x0000000622c00000, 0x0000000623000000, 0x0000000623000000|100%| S|CS|TAMS 0x0000000622c00000| PB 0x0000000622c00000| Complete 
| 121|0x0000000623000000, 0x0000000623000000, 0x0000000623400000|  0%| F|  |TAMS 0x0000000623000000| PB 0x0000000623000000| Untracked 
| 122|0x0000000623400000, 0x00000006234fbc88, 0x0000000623800000| 24%| E|  |TAMS 0x0000000623400000| PB 0x0000000623400000| Complete 
| 123|0x0000000623800000, 0x0000000623c00000, 0x0000000623c00000|100%| E|CS|TAMS 0x0000000623800000| PB 0x0000000623800000| Complete 
| 124|0x0000000623c00000, 0x0000000624000000, 0x0000000624000000|100%| E|CS|TAMS 0x0000000623c00000| PB 0x0000000623c00000| Complete 
| 125|0x0000000624000000, 0x0000000624400000, 0x0000000624400000|100%| E|CS|TAMS 0x0000000624000000| PB 0x0000000624000000| Complete 
| 126|0x0000000624400000, 0x0000000624800000, 0x0000000624800000|100%| E|CS|TAMS 0x0000000624400000| PB 0x0000000624400000| Complete 

Card table byte_map: [0x0000017dca310000,0x0000017dcb2f0000] _byte_map_base: 0x0000017dc72ea000

Marking Bits: (CMBitMap*) 0x0000017dafd01730
 Bits: [0x0000017dcb2f0000, 0x0000017dd31c0000)

Polling page: 0x0000017db98a0000

Metaspace:

Usage:
  Non-class:      9.24 MB used.
      Class:      1.29 MB used.
       Both:     10.53 MB used.

Virtual space:
  Non-class space:       64.00 MB reserved,       9.38 MB ( 15%) committed,  1 nodes.
      Class space:        1.00 GB reserved,       1.44 MB ( <1%) committed,  1 nodes.
             Both:        1.06 GB reserved,      10.81 MB ( <1%) committed. 

Chunk freelists:
   Non-Class:  6.30 MB
       Class:  14.48 MB
        Both:  20.78 MB

MaxMetaspaceSize: unlimited
CompressedClassSpaceSize: 1.00 GB
Initial GC threshold: 21.00 MB
Current GC threshold: 21.00 MB
CDS: on
 - commit_granule_bytes: 65536.
 - commit_granule_words: 8192.
 - virtual_space_node_default_size: 8388608.
 - enlarge_chunks_in_place: 1.
 - use_allocation_guard: 0.


Internal statistics:

num_allocs_failed_limit: 0.
num_arena_births: 248.
num_arena_deaths: 0.
num_vsnodes_births: 2.
num_vsnodes_deaths: 0.
num_space_committed: 173.
num_space_uncommitted: 0.
num_chunks_returned_to_freelist: 0.
num_chunks_taken_from_freelist: 621.
num_chunk_merges: 0.
num_chunk_splits: 383.
num_chunks_enlarged: 239.
num_inconsistent_stats: 0.

CodeHeap 'non-profiled nmethods': size=120000Kb used=639Kb max_used=639Kb free=119360Kb
 bounds [0x0000017dc1390000, 0x0000017dc1600000, 0x0000017dc88c0000]
CodeHeap 'profiled nmethods': size=120000Kb used=3064Kb max_used=3064Kb free=116935Kb
 bounds [0x0000017db98c0000, 0x0000017db9bc0000, 0x0000017dc0df0000]
CodeHeap 'non-nmethods': size=5760Kb used=1401Kb max_used=1417Kb free=4358Kb
 bounds [0x0000017dc0df0000, 0x0000017dc1060000, 0x0000017dc1390000]
 total_blobs=2193 nmethods=1698 adapters=399
 compilation: enabled
              stopped_count=0, restarted_count=0
 full_count=0

Compilation events (20 events):
Event: 1.298 Thread 0x0000017e1b3f8c70 nmethod 1644 0x0000017dc1427f90 code [0x0000017dc14281a0, 0x0000017dc1428dd8]
Event: 1.298 Thread 0x0000017e1b3f8c70 1660       4       java.util.jar.JarFile::getEntry (35 bytes)
Event: 1.301 Thread 0x0000017dd344e340 1661       3       java.util.Arrays::copyOfRange (90 bytes)
Event: 1.302 Thread 0x0000017dd344e340 nmethod 1661 0x0000017db9ba5410 code [0x0000017db9ba56c0, 0x0000017db9ba6388]
Event: 1.308 Thread 0x0000017dd344e340 1663       3       ch.qos.logback.classic.Logger::getChildByName (68 bytes)
Event: 1.309 Thread 0x0000017dd344e340 nmethod 1663 0x0000017db9ba6810 code [0x0000017db9ba6a20, 0x0000017db9ba6fe8]
Event: 1.310 Thread 0x0000017dd344e340 1665       3       jdk.internal.misc.Unsafe::shouldBeInitialized (18 bytes)
Event: 1.310 Thread 0x0000017dd344e340 nmethod 1665 0x0000017db9ba7210 code [0x0000017db9ba73e0, 0x0000017db9ba7630]
Event: 1.317 Thread 0x0000017dd344e340 1667       1       java.lang.ClassLoader::getUnnamedModule (5 bytes)
Event: 1.317 Thread 0x0000017dd344e340 nmethod 1667 0x0000017dc1429710 code [0x0000017dc14298a0, 0x0000017dc1429970]
Event: 1.319 Thread 0x0000017dd344e340 1668       1       java.security.PermissionCollection::isReadOnly (5 bytes)
Event: 1.319 Thread 0x0000017dd344e340 nmethod 1668 0x0000017dc1429a10 code [0x0000017dc1429ba0, 0x0000017dc1429c70]
Event: 1.320 Thread 0x0000017e1b3f8c70 nmethod 1660 0x0000017dc1429d10 code [0x0000017dc142a040, 0x0000017dc142b310]
Event: 1.320 Thread 0x0000017e1b3f8c70 1662       4       java.lang.String::startsWith (123 bytes)
Event: 1.325 Thread 0x0000017dd344d8a0 nmethod 1659 0x0000017dc142c010 code [0x0000017dc142c3a0, 0x0000017dc142d988]
Event: 1.326 Thread 0x0000017dd344d8a0 1664       4       jdk.internal.loader.URLClassPath::getResource (74 bytes)
Event: 1.326 Thread 0x0000017e1b3f8c70 nmethod 1662 0x0000017dc142ea10 code [0x0000017dc142ebc0, 0x0000017dc142eed8]
Event: 1.328 Thread 0x0000017e1b3f8c70 1669       4       java.util.jar.JarFile::getVersionedEntry (133 bytes)
Event: 1.330 Thread 0x0000017dd344e340 1671       3       java.util.LinkedHashMap::afterNodeInsertion (40 bytes)
Event: 1.331 Thread 0x0000017dd344e340 nmethod 1671 0x0000017db9ba7710 code [0x0000017db9ba7900, 0x0000017db9ba7d98]

GC Heap History (2 events):
Event: 0.978 GC heap before
{Heap before GC invocations=0 (full 0):
 garbage-first heap   total 520192K, used 24576K [0x0000000604c00000, 0x0000000800000000)
  region size 4096K, 6 young (24576K), 0 survivors (0K)
 Metaspace       used 6674K, committed 6912K, reserved 1114112K
  class space    used 774K, committed 896K, reserved 1048576K
}
Event: 0.983 GC heap after
{Heap after GC invocations=1 (full 0):
 garbage-first heap   total 520192K, used 6964K [0x0000000604c00000, 0x0000000800000000)
  region size 4096K, 1 young (4096K), 1 survivors (4096K)
 Metaspace       used 6674K, committed 6912K, reserved 1114112K
  class space    used 774K, committed 896K, reserved 1048576K
}

Dll operation events (10 events):
Event: 0.013 Loaded shared library C:\Program Files\Java\jdk-21\bin\java.dll
Event: 0.066 Loaded shared library C:\Program Files\Java\jdk-21\bin\jsvml.dll
Event: 0.208 Loaded shared library C:\Program Files\Java\jdk-21\bin\zip.dll
Event: 0.213 Loaded shared library C:\Program Files\Java\jdk-21\bin\instrument.dll
Event: 0.219 Loaded shared library C:\Program Files\Java\jdk-21\bin\net.dll
Event: 0.223 Loaded shared library C:\Program Files\Java\jdk-21\bin\nio.dll
Event: 0.227 Loaded shared library C:\Program Files\Java\jdk-21\bin\zip.dll
Event: 0.362 Loaded shared library C:\Program Files\JetBrains\IntelliJIdea2023.3\bin\breakgen64.dll
Event: 0.376 Loaded shared library C:\Program Files\Java\jdk-21\bin\extnet.dll
Event: 0.422 Loaded shared library C:\Program Files\Java\jdk-21\bin\jimage.dll

Deoptimization events (20 events):
Event: 1.171 Thread 0x0000017dafa41130 DEOPT PACKING pc=0x0000017dc14190d8 sp=0x0000001f013fe230
Event: 1.171 Thread 0x0000017dafa41130 DEOPT UNPACKING pc=0x0000017dc0e446a2 sp=0x0000001f013fe1f8 mode 2
Event: 1.172 Thread 0x0000017dafa41130 Uncommon trap: trap_request=0xffffffd6 fr.pc=0x0000017dc14190d8 relative=0x0000000000000d18
Event: 1.172 Thread 0x0000017dafa41130 Uncommon trap: reason=array_check action=maybe_recompile pc=0x0000017dc14190d8 method=org.springframework.boot.context.properties.source.ConfigurationPropertyName.getElement(ILorg/springframework/boot/context/properties/source/ConfigurationPropertyName$Fo
Event: 1.172 Thread 0x0000017dafa41130 DEOPT PACKING pc=0x0000017dc14190d8 sp=0x0000001f013fe230
Event: 1.172 Thread 0x0000017dafa41130 DEOPT UNPACKING pc=0x0000017dc0e446a2 sp=0x0000001f013fe1f8 mode 2
Event: 1.188 Thread 0x0000017dafa41130 Uncommon trap: trap_request=0xffffff45 fr.pc=0x0000017dc13e41cc relative=0x0000000000000d8c
Event: 1.188 Thread 0x0000017dafa41130 Uncommon trap: reason=unstable_if action=reinterpret pc=0x0000017dc13e41cc method=java.util.jar.JarFile.getEntry(Ljava/lang/String;)Ljava/util/zip/ZipEntry; @ 15 c2
Event: 1.188 Thread 0x0000017dafa41130 DEOPT PACKING pc=0x0000017dc13e41cc sp=0x0000001f013fd550
Event: 1.188 Thread 0x0000017dafa41130 DEOPT UNPACKING pc=0x0000017dc0e446a2 sp=0x0000001f013fd478 mode 2
Event: 1.188 Thread 0x0000017dafa41130 Uncommon trap: trap_request=0xffffff45 fr.pc=0x0000017dc13e1330 relative=0x0000000000000c70
Event: 1.188 Thread 0x0000017dafa41130 Uncommon trap: reason=unstable_if action=reinterpret pc=0x0000017dc13e1330 method=java.util.jar.JarFile.getEntry(Ljava/lang/String;)Ljava/util/zip/ZipEntry; @ 15 c2
Event: 1.188 Thread 0x0000017dafa41130 DEOPT PACKING pc=0x0000017dc13e1330 sp=0x0000001f013fcc70
Event: 1.188 Thread 0x0000017dafa41130 DEOPT UNPACKING pc=0x0000017dc0e446a2 sp=0x0000001f013fcc68 mode 2
Event: 1.260 Thread 0x0000017e1bff3260 Uncommon trap: trap_request=0xffffffde fr.pc=0x0000017dc14076ec relative=0x000000000000030c
Event: 1.260 Thread 0x0000017e1bff3260 Uncommon trap: reason=class_check action=maybe_recompile pc=0x0000017dc14076ec method=java.util.HashMap.getNode(Ljava/lang/Object;)Ljava/util/HashMap$Node; @ 128 c2
Event: 1.260 Thread 0x0000017e1bff3260 DEOPT PACKING pc=0x0000017dc14076ec sp=0x0000001f02efe4b0
Event: 1.260 Thread 0x0000017e1bff3260 DEOPT UNPACKING pc=0x0000017dc0e446a2 sp=0x0000001f02efe418 mode 2
Event: 1.261 Thread 0x0000017e1bff3260 DEOPT PACKING pc=0x0000017db99f9108 sp=0x0000001f02efd800
Event: 1.261 Thread 0x0000017e1bff3260 DEOPT UNPACKING pc=0x0000017dc0e44e42 sp=0x0000001f02efcc90 mode 0

Classes loaded (20 events):
Event: 1.286 Loading class java/util/zip/ZipException
Event: 1.286 Loading class java/util/zip/ZipException done
Event: 1.287 Loading class java/nio/file/FileSystemNotFoundException
Event: 1.287 Loading class java/nio/file/FileSystemNotFoundException done
Event: 1.298 Loading class org/xml/sax/SAXException
Event: 1.298 Loading class org/xml/sax/SAXException done
Event: 1.298 Loading class javax/xml/transform/Source
Event: 1.298 Loading class javax/xml/transform/Source done
Event: 1.314 Loading class java/io/NotSerializableException
Event: 1.314 Loading class java/io/ObjectStreamException
Event: 1.315 Loading class java/io/ObjectStreamException done
Event: 1.315 Loading class java/io/NotSerializableException done
Event: 1.327 Loading class java/util/regex/Pattern$BnM
Event: 1.327 Loading class java/util/RegularEnumSet$EnumSetIterator
Event: 1.327 Loading class java/util/regex/Pattern$BnM done
Event: 1.327 Loading class java/util/RegularEnumSet$EnumSetIterator done
Event: 1.329 Loading class java/lang/reflect/AnnotatedType
Event: 1.329 Loading class java/lang/reflect/AnnotatedType done
Event: 1.335 Loading class java/lang/invoke/DirectMethodHandle$StaticAccessor
Event: 1.335 Loading class java/lang/invoke/DirectMethodHandle$StaticAccessor done

Classes unloaded (0 events):
No events

Classes redefined (0 events):
No events

Internal exceptions (20 events):
Event: 1.007 Thread 0x0000017dafa41130 Exception <a 'java/lang/NoSuchMethodError'{0x00000006244fe450}: 'java.lang.Object java.lang.invoke.DirectMethodHandle$Holder.newInvokeSpecial(java.lang.Object, java.lang.Object, java.lang.Object, java.lang.Object, java.lang.Object, java.lang.Object, int)'> (0x00000006244fe450) 
thrown [s\open\src\hotspot\share\interpreter\linkResolver.cpp, line 773]
Event: 1.008 Thread 0x0000017dafa41130 Exception <a 'java/lang/NoSuchMethodError'{0x0000000624502a00}: 'java.lang.Object java.lang.invoke.DirectMethodHandle$Holder.invokeSpecial(java.lang.Object, java.lang.Object, java.lang.Object, java.lang.Object, java.lang.Object, java.lang.Object, java.lang.Object, int)'> (0x0000000624502a00) 
thrown [s\open\src\hotspot\share\interpreter\linkResolver.cpp, line 773]
Event: 1.051 Thread 0x0000017dafa41130 Exception <a 'java/lang/NoSuchMethodError'{0x0000000624651468}: 'int java.lang.invoke.DirectMethodHandle$Holder.invokeInterface(java.lang.Object, java.lang.Object)'> (0x0000000624651468) 
thrown [s\open\src\hotspot\share\interpreter\linkResolver.cpp, line 773]
Event: 1.057 Thread 0x0000017dafa41130 Exception <a 'java/lang/NoSuchMethodError'{0x0000000624671cb0}: 'void java.lang.invoke.DirectMethodHandle$Holder.invokeSpecial(java.lang.Object, java.lang.Object, java.lang.Object, java.lang.Object, java.lang.Object)'> (0x0000000624671cb0) 
thrown [s\open\src\hotspot\share\interpreter\linkResolver.cpp, line 773]
Event: 1.094 Thread 0x0000017dafa41130 Exception <a 'java/lang/NoSuchMethodError'{0x000000062400f318}: 'java.lang.Object java.lang.invoke.DirectMethodHandle$Holder.invokeSpecial(java.lang.Object, java.lang.Object, java.lang.Object, int, java.lang.Object)'> (0x000000062400f318) 
thrown [s\open\src\hotspot\share\interpreter\linkResolver.cpp, line 773]
Event: 1.095 Thread 0x0000017dafa41130 Exception <a 'java/lang/NoSuchMethodError'{0x0000000624016c08}: 'java.lang.Object java.lang.invoke.DirectMethodHandle$Holder.newInvokeSpecial(java.lang.Object, java.lang.Object, java.lang.Object, int, java.lang.Object)'> (0x0000000624016c08) 
thrown [s\open\src\hotspot\share\interpreter\linkResolver.cpp, line 773]
Event: 1.096 Thread 0x0000017dafa41130 Exception <a 'java/lang/NoSuchMethodError'{0x000000062401e0c0}: 'java.lang.Object java.lang.invoke.Invokers$Holder.linkToTargetMethod(java.lang.Object, java.lang.Object, int, java.lang.Object, java.lang.Object)'> (0x000000062401e0c0) 
thrown [s\open\src\hotspot\share\interpreter\linkResolver.cpp, line 773]
Event: 1.098 Thread 0x0000017dafa41130 Exception <a 'java/lang/NoSuchMethodError'{0x000000062402b720}: 'java.lang.Object java.lang.invoke.DirectMethodHandle$Holder.newInvokeSpecial(java.lang.Object, int, java.lang.Object)'> (0x000000062402b720) 
thrown [s\open\src\hotspot\share\interpreter\linkResolver.cpp, line 773]
Event: 1.098 Thread 0x0000017dafa41130 Exception <a 'java/lang/NoSuchMethodError'{0x00000006240300d0}: 'int java.lang.invoke.DirectMethodHandle$Holder.invokeSpecialIFC(java.lang.Object, java.lang.Object, java.lang.Object, java.lang.Object)'> (0x00000006240300d0) 
thrown [s\open\src\hotspot\share\interpreter\linkResolver.cpp, line 773]
Event: 1.125 Thread 0x0000017dafa41130 Exception <a 'java/lang/NoSuchMethodError'{0x000000062411bcc0}: 'void java.lang.invoke.DirectMethodHandle$Holder.invokeInterface(java.lang.Object, java.lang.Object, java.lang.Object)'> (0x000000062411bcc0) 
thrown [s\open\src\hotspot\share\interpreter\linkResolver.cpp, line 773]
Event: 1.158 Thread 0x0000017dafa41130 Exception <a 'java/lang/NoSuchMethodError'{0x00000006241a7a88}: 'void java.lang.invoke.DirectMethodHandle$Holder.invokeStaticInit(java.lang.Object, java.lang.Object, java.lang.Object)'> (0x00000006241a7a88) 
thrown [s\open\src\hotspot\share\interpreter\linkResolver.cpp, line 773]
Event: 1.167 Thread 0x0000017dafa41130 Exception <a 'java/lang/NoSuchMethodError'{0x00000006241ec360}: 'java.lang.Object java.lang.invoke.DirectMethodHandle$Holder.invokeStatic(java.lang.Object, long, java.lang.Object)'> (0x00000006241ec360) 
thrown [s\open\src\hotspot\share\interpreter\linkResolver.cpp, line 773]
Event: 1.167 Thread 0x0000017dafa41130 Exception <a 'java/lang/NoSuchMethodError'{0x00000006241ef9b8}: 'java.lang.Object java.lang.invoke.DirectMethodHandle$Holder.invokeStaticInit(java.lang.Object, long, java.lang.Object)'> (0x00000006241ef9b8) 
thrown [s\open\src\hotspot\share\interpreter\linkResolver.cpp, line 773]
Event: 1.168 Thread 0x0000017dafa41130 Exception <a 'java/lang/NoSuchMethodError'{0x00000006241f5158}: 'java.lang.Object java.lang.invoke.DirectMethodHandle$Holder.newInvokeSpecial(java.lang.Object, long)'> (0x00000006241f5158) 
thrown [s\open\src\hotspot\share\interpreter\linkResolver.cpp, line 773]
Event: 1.191 Thread 0x0000017dafa41130 Exception <a 'java/lang/NoSuchMethodError'{0x0000000624253928}: 'void java.lang.invoke.DirectMethodHandle$Holder.invokeVirtual(java.lang.Object, java.lang.Object, java.lang.Object, java.lang.Object)'> (0x0000000624253928) 
thrown [s\open\src\hotspot\share\interpreter\linkResolver.cpp, line 773]
Event: 1.246 Thread 0x0000017dafa41130 Exception <a 'java/lang/NoSuchMethodError'{0x00000006243878a0}: 'void java.lang.invoke.DirectMethodHandle$Holder.invokeSpecial(java.lang.Object, java.lang.Object, java.lang.Object)'> (0x00000006243878a0) 
thrown [s\open\src\hotspot\share\interpreter\linkResolver.cpp, line 773]
Event: 1.255 Thread 0x0000017dafa41130 Exception <a 'java/lang/IncompatibleClassChangeError'{0x00000006243b4f98}: Found class java.lang.Object, but interface was expected> (0x00000006243b4f98) 
thrown [s\open\src\hotspot\share\interpreter\linkResolver.cpp, line 840]
Event: 1.260 Thread 0x0000017dafa41130 Exception <a 'java/lang/NoSuchMethodError'{0x00000006243c8108}: 'java.lang.Object java.lang.invoke.DirectMethodHandle$Holder.invokeStaticInit(java.lang.Object, int)'> (0x00000006243c8108) 
thrown [s\open\src\hotspot\share\interpreter\linkResolver.cpp, line 773]
Event: 1.263 Thread 0x0000017dafa41130 Exception <a 'java/lang/NoSuchMethodError'{0x0000000623c36848}: 'java.lang.Object java.lang.invoke.DirectMethodHandle$Holder.invokeStatic(java.lang.Object, int, java.lang.Object)'> (0x0000000623c36848) 
thrown [s\open\src\hotspot\share\interpreter\linkResolver.cpp, line 773]
Event: 1.263 Thread 0x0000017dafa41130 Exception <a 'java/lang/NoSuchMethodError'{0x0000000623c39e98}: 'java.lang.Object java.lang.invoke.DirectMethodHandle$Holder.invokeStaticInit(java.lang.Object, int, java.lang.Object)'> (0x0000000623c39e98) 
thrown [s\open\src\hotspot\share\interpreter\linkResolver.cpp, line 773]

ZGC Phase Switch (0 events):
No events

VM Operations (20 events):
Event: 0.427 Executing VM operation: HandshakeAllThreads (Deoptimize)
Event: 0.427 Executing VM operation: HandshakeAllThreads (Deoptimize) done
Event: 0.707 Executing VM operation: HandshakeAllThreads (Deoptimize)
Event: 0.707 Executing VM operation: HandshakeAllThreads (Deoptimize) done
Event: 0.707 Executing VM operation: HandshakeAllThreads (Deoptimize)
Event: 0.707 Executing VM operation: HandshakeAllThreads (Deoptimize) done
Event: 0.810 Executing VM operation: HandshakeAllThreads (Deoptimize)
Event: 0.810 Executing VM operation: HandshakeAllThreads (Deoptimize) done
Event: 0.965 Executing VM operation: ICBufferFull
Event: 0.965 Executing VM operation: ICBufferFull done
Event: 0.978 Executing VM operation: G1CollectForAllocation (G1 Evacuation Pause)
Event: 0.983 Executing VM operation: G1CollectForAllocation (G1 Evacuation Pause) done
Event: 1.069 Executing VM operation: HandshakeAllThreads (Deoptimize)
Event: 1.069 Executing VM operation: HandshakeAllThreads (Deoptimize) done
Event: 1.235 Executing VM operation: HandshakeAllThreads (Deoptimize)
Event: 1.235 Executing VM operation: HandshakeAllThreads (Deoptimize) done
Event: 1.242 Executing VM operation: HandshakeAllThreads (Deoptimize)
Event: 1.242 Executing VM operation: HandshakeAllThreads (Deoptimize) done
Event: 1.243 Executing VM operation: HandshakeAllThreads (Deoptimize)
Event: 1.243 Executing VM operation: HandshakeAllThreads (Deoptimize) done

Events (14 events):
Event: 0.037 Thread 0x0000017dafa41130 Thread added: 0x0000017dafa41130
Event: 0.063 Thread 0x0000017dd3440580 Thread added: 0x0000017dd3440580
Event: 0.064 Thread 0x0000017dd34414a0 Thread added: 0x0000017dd34414a0
Event: 0.064 Thread 0x0000017dd3443270 Thread added: 0x0000017dd3443270
Event: 0.064 Thread 0x0000017dd3445de0 Thread added: 0x0000017dd3445de0
Event: 0.064 Thread 0x0000017dd3446920 Thread added: 0x0000017dd3446920
Event: 0.064 Thread 0x0000017dd3447600 Thread added: 0x0000017dd3447600
Event: 0.064 Thread 0x0000017dd344d8a0 Thread added: 0x0000017dd344d8a0
Event: 0.064 Thread 0x0000017dd344e340 Thread added: 0x0000017dd344e340
Event: 0.189 Thread 0x0000017e1b114670 Thread added: 0x0000017e1b114670
Event: 0.362 Thread 0x0000017e1b452240 Thread added: 0x0000017e1b452240
Event: 0.363 Thread 0x0000017e1b4528b0 Thread added: 0x0000017e1b4528b0
Event: 0.466 Thread 0x0000017e1b3f8c70 Thread added: 0x0000017e1b3f8c70
Event: 1.251 Thread 0x0000017e1bff3260 Thread added: 0x0000017e1bff3260


Dynamic libraries:
0x00007ff78d380000 - 0x00007ff78d390000 	C:\Program Files\Java\jdk-21\bin\java.exe
0x00007ff899bb0000 - 0x00007ff899da8000 	C:\Windows\SYSTEM32\ntdll.dll
0x00007ff899950000 - 0x00007ff899a0d000 	C:\Windows\System32\KERNEL32.DLL
0x00007ff8976d0000 - 0x00007ff8979c6000 	C:\Windows\System32\KERNELBASE.dll
0x00007ff8979d0000 - 0x00007ff897ad0000 	C:\Windows\System32\ucrtbase.dll
0x00007ff86bfe0000 - 0x00007ff86bffb000 	C:\Program Files\Java\jdk-21\bin\VCRUNTIME140.dll
0x00007ff869830000 - 0x00007ff869849000 	C:\Program Files\Java\jdk-21\bin\jli.dll
0x00007ff898a30000 - 0x00007ff898ae0000 	C:\Windows\System32\ADVAPI32.dll
0x00007ff899ac0000 - 0x00007ff899b5e000 	C:\Windows\System32\msvcrt.dll
0x00007ff899a20000 - 0x00007ff899ac0000 	C:\Windows\System32\sechost.dll
0x00007ff898430000 - 0x00007ff898553000 	C:\Windows\System32\RPCRT4.dll
0x00007ff897540000 - 0x00007ff897567000 	C:\Windows\System32\bcrypt.dll
0x00007ff898770000 - 0x00007ff89890f000 	C:\Windows\System32\USER32.dll
0x00007ff897ad0000 - 0x00007ff897af2000 	C:\Windows\System32\win32u.dll
0x00007ff8843b0000 - 0x00007ff88464a000 	C:\Windows\WinSxS\amd64_microsoft.windows.common-controls_6595b64144ccf1df_6.0.19041.4355_none_60b8b9eb71f62e16\COMCTL32.dll
0x00007ff898c10000 - 0x00007ff898c3b000 	C:\Windows\System32\GDI32.dll
0x00007ff897320000 - 0x00007ff897437000 	C:\Windows\System32\gdi32full.dll
0x00007ff897b00000 - 0x00007ff897b9d000 	C:\Windows\System32\msvcp_win.dll
0x00007ff88e060000 - 0x00007ff88e06a000 	C:\Windows\SYSTEM32\VERSION.dll
0x00007ff898740000 - 0x00007ff89876f000 	C:\Windows\System32\IMM32.DLL
0x00007ff86c0b0000 - 0x00007ff86c0bc000 	C:\Program Files\Java\jdk-21\bin\vcruntime140_1.dll
0x00007ff857250000 - 0x00007ff8572de000 	C:\Program Files\Java\jdk-21\bin\msvcp140.dll
0x00007fffff2d0000 - 0x00007ffffffe5000 	C:\Program Files\Java\jdk-21\bin\server\jvm.dll
0x00007ff8986c0000 - 0x00007ff89872b000 	C:\Windows\System32\WS2_32.dll
0x00007ff8967b0000 - 0x00007ff8967fb000 	C:\Windows\SYSTEM32\POWRPROF.dll
0x00007ff888dc0000 - 0x00007ff888de7000 	C:\Windows\SYSTEM32\WINMM.dll
0x00007ff896620000 - 0x00007ff896632000 	C:\Windows\SYSTEM32\UMPDC.dll
0x00007ff895a40000 - 0x00007ff895a52000 	C:\Windows\SYSTEM32\kernel.appcore.dll
0x00007ff869800000 - 0x00007ff86980a000 	C:\Program Files\Java\jdk-21\bin\jimage.dll
0x00007ff888480000 - 0x00007ff888664000 	C:\Windows\SYSTEM32\DBGHELP.DLL
0x00007ff8812d0000 - 0x00007ff881304000 	C:\Windows\SYSTEM32\dbgcore.DLL
0x00007ff897440000 - 0x00007ff8974c2000 	C:\Windows\System32\bcryptPrimitives.dll
0x00007ff8688c0000 - 0x00007ff8688cf000 	C:\Program Files\Java\jdk-21\bin\instrument.dll
0x00007ff868fd0000 - 0x00007ff868fef000 	C:\Program Files\Java\jdk-21\bin\java.dll
0x00007ff8991e0000 - 0x00007ff89994c000 	C:\Windows\System32\SHELL32.dll
0x00007ff895290000 - 0x00007ff895a2d000 	C:\Windows\SYSTEM32\windows.storage.dll
0x00007ff898e80000 - 0x00007ff8991d3000 	C:\Windows\System32\combase.dll
0x00007ff896bb0000 - 0x00007ff896bde000 	C:\Windows\SYSTEM32\Wldp.dll
0x00007ff898b40000 - 0x00007ff898c0d000 	C:\Windows\System32\OLEAUT32.dll
0x00007ff898610000 - 0x00007ff8986bd000 	C:\Windows\System32\SHCORE.dll
0x00007ff897f00000 - 0x00007ff897f55000 	C:\Windows\System32\shlwapi.dll
0x00007ff8971a0000 - 0x00007ff8971c4000 	C:\Windows\SYSTEM32\profapi.dll
0x00007ff84e7b0000 - 0x00007ff84e887000 	C:\Program Files\Java\jdk-21\bin\jsvml.dll
0x00007ff868c20000 - 0x00007ff868c38000 	C:\Program Files\Java\jdk-21\bin\zip.dll
0x00007ff868ed0000 - 0x00007ff868ee0000 	C:\Program Files\Java\jdk-21\bin\net.dll
0x00007ff88f700000 - 0x00007ff88f80a000 	C:\Windows\SYSTEM32\WINHTTP.dll
0x00007ff896990000 - 0x00007ff8969fa000 	C:\Windows\system32\mswsock.dll
0x00007ff868d60000 - 0x00007ff868d76000 	C:\Program Files\Java\jdk-21\bin\nio.dll
0x00007ff856e90000 - 0x00007ff856eaa000 	C:\Program Files\JetBrains\IntelliJIdea2023.3\bin\breakgen64.dll
0x00007ff8910e0000 - 0x00007ff8910e7000 	C:\Program Files\Java\jdk-21\bin\extnet.dll

dbghelp: loaded successfully - version: 4.0.5 - missing functions: none
symbol engine: initialized successfully - sym options: 0x614 - pdb path: .;C:\Program Files\Java\jdk-21\bin;C:\Windows\SYSTEM32;C:\Windows\WinSxS\amd64_microsoft.windows.common-controls_6595b64144ccf1df_6.0.19041.4355_none_60b8b9eb71f62e16;C:\Program Files\Java\jdk-21\bin\server;C:\Program Files\JetBrains\IntelliJIdea2023.3\bin

VM Arguments:
jvm_args: -javaagent:C:\Program Files\JetBrains\IntelliJIdea2023.3\lib\idea_rt.jar=13977:C:\Program Files\JetBrains\IntelliJIdea2023.3\bin -Dfile.encoding=UTF-8 -Dsun.stdout.encoding=UTF-8 -Dsun.stderr.encoding=UTF-8 
java_command: cz.vsb.magistri.Main
java_class_path (initial): C:\nahrat3\SpringSchool\target\classes;C:\Users\Meliach\.m2\repository\org\springframework\boot\spring-boot-starter-web\3.3.0\spring-boot-starter-web-3.3.0.jar;C:\Users\Meliach\.m2\repository\org\springframework\boot\spring-boot-starter\3.3.0\spring-boot-starter-3.3.0.jar;C:\Users\Meliach\.m2\repository\org\springframework\boot\spring-boot\3.3.0\spring-boot-3.3.0.jar;C:\Users\Meliach\.m2\repository\org\springframework\boot\spring-boot-autoconfigure\3.3.0\spring-boot-autoconfigure-3.3.0.jar;C:\Users\Meliach\.m2\repository\org\springframework\boot\spring-boot-starter-logging\3.3.0\spring-boot-starter-logging-3.3.0.jar;C:\Users\Meliach\.m2\repository\ch\qos\logback\logback-classic\1.5.6\logback-classic-1.5.6.jar;C:\Users\Meliach\.m2\repository\ch\qos\logback\logback-core\1.5.6\logback-core-1.5.6.jar;C:\Users\Meliach\.m2\repository\org\apache\logging\log4j\log4j-to-slf4j\2.23.1\log4j-to-slf4j-2.23.1.jar;C:\Users\Meliach\.m2\repository\org\apache\logging\log4j\log4j-api\2.23.1\log4j-api-2.23.1.jar;C:\Users\Meliach\.m2\repository\org\slf4j\jul-to-slf4j\2.0.13\jul-to-slf4j-2.0.13.jar;C:\Users\Meliach\.m2\repository\jakarta\annotation\jakarta.annotation-api\2.1.1\jakarta.annotation-api-2.1.1.jar;C:\Users\Meliach\.m2\repository\org\springframework\spring-core\6.1.8\spring-core-6.1.8.jar;C:\Users\Meliach\.m2\repository\org\springframework\spring-jcl\6.1.8\spring-jcl-6.1.8.jar;C:\Users\Meliach\.m2\repository\org\yaml\snakeyaml\2.2\snakeyaml-2.2.jar;C:\Users\Meliach\.m2\repository\org\springframework\boot\spring-boot-starter-json\3.3.0\spring-boot-starter-json-3.3.0.jar;C:\Users\Meliach\.m2\repository\com\fasterxml\jackson\core\jackson-databind\2.17.1\jackson-databind-2.17.1.jar;C:\Users\Meliach\.m2\repository\com\fasterxml\jackson\core\jackson-annotations\2.17.1\jackson-annotations-2.17.1.jar;C:\Users\Meliach\.m2\repository\com\fasterxml\jackson\core\jackson-core\2.17.1\jackson-core-2.17.1.jar;C:\Users\Meliach\.m2\repository\com\fasterxml\jackson\datatype\jackson-datatype-jdk8\2.17.1\jackson-datatype-jdk8-2.17.1.jar;C:\Users\Meliach\.m2\repository\com\fasterxml\jackson\datatype\jackson-datatype-jsr310\2.17.1\jackson-datatype-jsr310-2.17.1.jar;C:\Users\Meliach\.m2\repository\com\fasterxml\jackson\module\jackson-module-parameter-names\2.17.1\jackson-module-parameter-names-2.17.1.jar;C:\Users\Meliach\.m2\repository\org\springframework\boot\spring-boot-starter-tomcat\3.3.0\spring-boot-starter-tomcat-3.3.0.jar;C:\Users\Meliach\.m2\repository\org\apache\tomcat\embed\tomcat-embed-core\10.1.24\tomcat-embed-core-10.1.24.jar;C:\Users\Meliach\.m2\repository\org\apache\tomcat\embed\tomcat-embed-websocket\10.1.24\tomcat-embed-websocket-10.1.24.jar;C:\Users\Meliach\.m2\repository\org\springframework\spring-web\6.1.8\spring-web-6.1.8.jar;C:\Users\Meliach\.m2\repository\org\springframework\spring-beans\6.1.8\spring-beans-6.1.8.jar;C:\Users\Meliach\.m2\repository\io\micrometer\micrometer-observation\1.13.0\micrometer-observation-1.13.0.jar;C:\Users\Meliach\.m2\repository\io\micrometer\micrometer-commons\1.13.0\micrometer-commons-1.13.0.jar;C:\Users\Meliach\.m2\repository\org\springframework\spring-webmvc\6.1.8\spring-webmvc-6.1.8.jar;C:\Users\Meliach\.m2\repository\org\springframework\spring-aop\6.1.8\spring-aop-6.1.8.jar;C:\Users\Meliach\.m2\repository\org\springframework\spring-context\6.1.8\spring-context-6.1.8.jar;C:\Users\Meliach\.m2\repository\org\springframework\spring-expression\6.1.8\spring-expression-6.1.8.jar;C:\Users\Meliach\.m2\repository\org\springframework\boot\spring-boot-starter-data-jpa\3.3.0\spring-boot-starter-data-jpa-3.3.0.jar;C:\Users\Meliach\.m2\repository\org\springframework\boot\spring-boot-starter-aop\3.3.0\spring-boot-starter-aop-3.3.0.jar;C:\Users\Meliach\.m2\repository\org\aspectj\aspectjweaver\1.9.22\aspectjweaver-1.9.22.jar;C:\Users\Meliach\.m2\repository\org\springframework\boot\spring-boot-starter-jdbc\3.3.0\spring-boot-starter-jdbc-3.3.0.jar;C:\Users\Meliach\.m2\repository\com\zaxxer\HikariCP\5.1.0\HikariCP-5.1.0.jar;C:\Users\Meliach\.m2\repository\org\springframework\spring-jdbc\6.1.8\spring-jdbc-6.1.8.jar;C:\Users\Meliach\.m2\repository\org\hibernate\orm\hibernate-core\6.5.2.Final\hibernate-core-6.5.2.Final.jar;C:\Users\Meliach\.m2\repository\jakarta\persistence\jakarta.persistence-api\3.1.0\jakarta.persistence-api-3.1.0.jar;C:\Users\Meliach\.m2\repository\jakarta\transaction\jakarta.transaction-api\2.0.1\jakarta.transaction-api-2.0.1.jar;C:\Users\Meliach\.m2\repository\org\jboss\logging\jboss-logging\3.5.3.Final\jboss-logging-3.5.3.Final.jar;C:\Users\Meliach\.m2\repository\org\hibernate\common\hibernate-commons-annotations\6.0.6.Final\hibernate-commons-annotations-6.0.6.Final.jar;C:\Users\Meliach\.m2\repository\io\smallrye\jandex\3.1.2\jandex-3.1.2.jar;C:\Users\Meliach\.m2\repository\com\fasterxml\classmate\1.7.0\classmate-1.7.0.jar;C:\Users\Meliach\.m2\repository\net\bytebuddy\byte-buddy\1.14.16\byte-buddy-1.14.16.jar;C:\Users\Meliach\.m2\repository\jakarta\xml\bind\jakarta.xml.bind-api\4.0.2\jakarta.xml.bind-api-4.0.2.jar;C:\Users\Meliach\.m2\repository\jakarta\activation\jakarta.activation-api\2.1.3\jakarta.activation-api-2.1.3.jar;C:\Users\Meliach\.m2\repository\org\glassfish\jaxb\jaxb-runtime\4.0.5\jaxb-runtime-4.0.5.jar;C:\Users\Meliach\.m2\repository\org\glassfish\jaxb\jaxb-core\4.0.5\jaxb-core-4.0.5.jar;C:\Users\Meliach\.m2\repository\org\eclipse\angus\angus-activation\2.0.2\angus-activation-2.0.2.jar;C:\Users\Meliach\.m2\repository\org\glassfish\jaxb\txw2\4.0.5\txw2-4.0.5.jar;C:\Users\Meliach\.m2\repository\com\sun\istack\istack-commons-runtime\4.1.2\istack-commons-runtime-4.1.2.jar;C:\Users\Meliach\.m2\repository\jakarta\inject\jakarta.inject-api\2.0.1\jakarta.inject-api-2.0.1.jar;C:\Users\Meliach\.m2\repository\org\antlr\antlr4-runtime\4.13.0\antlr4-runtime-4.13.0.jar;C:\Users\Meliach\.m2\repository\org\springframework\data\spring-data-jpa\3.3.0\spring-data-jpa-3.3.0.jar;C:\Users\Meliach\.m2\repository\org\springframework\data\spring-data-commons\3.3.0\spring-data-commons-3.3.0.jar;C:\Users\Meliach\.m2\repository\org\springframework\spring-orm\6.1.8\spring-orm-6.1.8.jar;C:\Users\Meliach\.m2\repository\org\springframework\spring-tx\6.1.8\spring-tx-6.1.8.jar;C:\Users\Meliach\.m2\repository\org\springframework\spring-aspects\6.1.8\spring-aspects-6.1.8.jar;C:\Users\Meliach\.m2\repository\org\springframework\boot\spring-boot-starter-validation\3.3.0\spring-boot-starter-validation-3.3.0.jar;C:\Users\Meliach\.m2\repository\org\apache\tomcat\embed\tomcat-embed-el\10.1.24\tomcat-embed-el-10.1.24.jar;C:\Users\Meliach\.m2\repository\org\hibernate\validator\hibernate-validator\8.0.1.Final\hibernate-validator-8.0.1.Final.jar;C:\Users\Meliach\.m2\repository\jakarta\validation\jakarta.validation-api\3.0.2\jakarta.validation-api-3.0.2.jar;C:\Users\Meliach\.m2\repository\com\mysql\mysql-connector-j\8.4.0\mysql-connector-j-8.4.0.jar;C:\Users\Meliach\.m2\repository\org\mapstruct\mapstruct\1.5.5.Final\mapstruct-1.5.5.Final.jar;C:\Users\Meliach\.m2\repository\org\projectlombok\lombok-mapstruct-binding\0.2.0\lombok-mapstruct-binding-0.2.0.jar;C:\Users\Meliach\.m2\repository\io\springfox\springfox-swagger-ui\3.0.0\springfox-swagger-ui-3.0.0.jar;C:\Users\Meliach\.m2\repository\io\springfox\springfox-spring-webmvc\3.0.0\springfox-spring-webmvc-3.0.0.jar;C:\Users\Meliach\.m2\repository\io\springfox\springfox-spi\3.0.0\springfox-spi-3.0.0.jar;C:\Users\Meliach\.m2\repository\io\springfox\springfox-schema\3.0.0\springfox-schema-3.0.0.jar;C:\Users\Meliach\.m2\repository\io\springfox\springfox-core\3.0.0\springfox-core-3.0.0.jar;C:\Users\Meliach\.m2\repository\io\springfox\springfox-spring-web\3.0.0\springfox-spring-web-3.0.0.jar;C:\Users\Meliach\.m2\repository\io\github\classgraph\classgraph\4.8.83\classgraph-4.8.83.jar;C:\Users\Meliach\.m2\repository\org\springframework\plugin\spring-plugin-core\2.0.0.RELEASE\spring-plugin-core-2.0.0.RELEASE.jar;C:\Users\Meliach\.m2\repository\org\springframework\plugin\spring-plugin-metadata\2.0.0.RELEASE\spring-plugin-metadata-2.0.0.RELEASE.jar;C:\Users\Meliach\.m2\repository\org\springdoc\springdoc-openapi-starter-webmvc-ui\2.5.0\springdoc-openapi-starter-webmvc-ui-2.5.0.jar;C:\Users\Meliach\.m2\repository\org\springdoc\springdoc-openapi-starter-webmvc-api\2.5.0\springdoc-openapi-starter-webmvc-api-2.5.0.jar;C:\Users\Meliach\.m2\repository\org\springdoc\springdoc-openapi-starter-common\2.5.0\springdoc-openapi-starter-common-2.5.0.jar;C:\Users\Meliach\.m2\repository\io\swagger\core\v3\swagger-core-jakarta\2.2.21\swagger-core-jakarta-2.2.21.jar;C:\Users\Meliach\.m2\repository\org\apache\commons\commons-lang3\3.14.0\commons-lang3-3.14.0.jar;C:\Users\Meliach\.m2\repository\io\swagger\core\v3\swagger-annotations-jakarta\2.2.21\swagger-annotations-jakarta-2.2.21.jar;C:\Users\Meliach\.m2\repository\io\swagger\core\v3\swagger-models-jakarta\2.2.21\swagger-models-jakarta-2.2.21.jar;C:\Users\Meliach\.m2\repository\com\fasterxml\jackson\dataformat\jackson-dataformat-yaml\2.17.1\jackson-dataformat-yaml-2.17.1.jar;C:\Users\Meliach\.m2\repository\org\webjars\swagger-ui\5.13.0\swagger-ui-5.13.0.jar;C:\Users\Meliach\.m2\repository\org\testng\testng\7.10.2\testng-7.10.2.jar;C:\Users\Meliach\.m2\repository\org\slf4j\slf4j-api\2.0.13\slf4j-api-2.0.13.jar;C:\Users\Meliach\.m2\repository\com\beust\jcommander\1.82\jcommander-1.82.jar;C:\Users\Meliach\.m2\repository\org\webjars\jquery\3.7.1\jquery-3.7.1.jar
Launcher Type: SUN_STANDARD

[Global flags]
     intx CICompilerCount                          = 4                                         {product} {ergonomic}
     uint ConcGCThreads                            = 2                                         {product} {ergonomic}
     uint G1ConcRefinementThreads                  = 8                                         {product} {ergonomic}
   size_t G1HeapRegionSize                         = 4194304                                   {product} {ergonomic}
    uintx GCDrainStackTargetSize                   = 64                                        {product} {ergonomic}
   size_t InitialHeapSize                          = 532676608                                 {product} {ergonomic}
   size_t MarkStackSize                            = 4194304                                   {product} {ergonomic}
   size_t MaxHeapSize                              = 8510242816                                {product} {ergonomic}
   size_t MaxNewSize                               = 5104467968                                {product} {ergonomic}
   size_t MinHeapDeltaBytes                        = 4194304                                   {product} {ergonomic}
   size_t MinHeapSize                              = 8388608                                   {product} {ergonomic}
    uintx NonNMethodCodeHeapSize                   = 5839372                                {pd product} {ergonomic}
    uintx NonProfiledCodeHeapSize                  = 122909434                              {pd product} {ergonomic}
    uintx ProfiledCodeHeapSize                     = 122909434                              {pd product} {ergonomic}
    uintx ReservedCodeCacheSize                    = 251658240                              {pd product} {ergonomic}
     bool SegmentedCodeCache                       = true                                      {product} {ergonomic}
   size_t SoftMaxHeapSize                          = 8510242816                             {manageable} {ergonomic}
     bool UseCompressedOops                        = true                           {product lp64_product} {ergonomic}
     bool UseG1GC                                  = true                                      {product} {ergonomic}
     bool UseLargePagesIndividualAllocation        = false                                  {pd product} {ergonomic}

Logging:
Log output configuration:
 #0: stdout all=warning uptime,level,tags foldmultilines=false
 #1: stderr all=off uptime,level,tags foldmultilines=false

Environment Variables:
JAVA_HOME=c:\Program Files\Java\jdk-21\
PATH=C:\Program Files (x86)\VMware\VMware Player\bin\;E:\WINDOWS.X64_193000_db_home\bin;C:\Python312\Scripts\;C:\Python312\;C:\Program Files\Common Files\Oracle\Java\javapath;C:\Program Files (x86)\Common Files\Oracle\Java\java8path;C:\Program Files (x86)\Common Files\Oracle\Java\javapath;C:\Windows\system32;C:\Windows;C:\Windows\System32\Wbem;C:\Windows\System32\WindowsPowerShell\v1.0\;C:\Windows\System32\OpenSSH\;C:\Program Files\NVIDIA Corporation\NVIDIA NvDLISR;C:\Program Files (x86)\NVIDIA Corporation\PhysX\Common;C:\Program Files\dotnet\;%JAVA_HOME%\bin;C:\Program Files\nodejs\;C:\ProgramData\chocolatey\bin;C:\Program Files\Docker\Docker\resources\bin;C:\Program Files\Microsoft SQL Server\150\Tools\Binn\;C:\Program Files\Microsoft SQL Server\Client SDK\ODBC\170\Tools\Binn\;C:\Program Files\Git\cmd;C:\Program Files (x86)\Microsoft SQL Server\160\Tools\Binn\;C:\Program Files\Microsoft SQL Server\160\Tools\Binn\;C:\Program Files\Microsoft SQL Server\160\DTS\Binn\;C:\Program Files (x86)\Microsoft SQL Server\160\DTS\Binn\;C:\Users\Meliach\AppData\Local\Microsoft\WindowsApps;C:\Users\Meliach\AppData\Local\Programs\Microsoft VS Code\bin;C:\Users\Meliach\AppData\Roaming\npm;C:\Users\Meliach\.dotnet\tools
USERNAME=Meliach
OS=Windows_NT
PROCESSOR_IDENTIFIER=Intel64 Family 6 Model 60 Stepping 3, GenuineIntel
TMP=C:\Users\Meliach\AppData\Local\Temp
TEMP=C:\Users\Meliach\AppData\Local\Temp




Periodic native trim disabled

---------------  S Y S T E M  ---------------

OS:
 Windows 10 , 64 bit Build 19041 (10.0.19041.3636)
OS uptime: 0 days 3:07 hours
Hyper-V role detected

CPU: total 8 (initial active 8) (4 cores per cpu, 2 threads per core) family 6 model 60 stepping 3 microcode 0x27, cx8, cmov, fxsr, ht, mmx, sse, sse2, sse3, ssse3, sse4.1, sse4.2, popcnt, lzcnt, tsc, tscinvbit, avx, avx2, aes, erms, clmul, bmi1, bmi2, fma, vzeroupper, clflush, hv, rdtscp, f16c
Processor Information for all 8 processors :
  Max Mhz: 2594, Current Mhz: 2594, Mhz Limit: 2594

Memory: 4k page, system-wide physical 32460M (13439M free)
TotalPageFile size 32460M (AvailPageFile size 4M)
current process WorkingSet (physical memory assigned to process): 97M, peak: 97M
current process commit charge ("private bytes"): 625M, peak: 625M

vm_info: Java HotSpot(TM) 64-Bit Server VM (21.0.1+12-LTS-29) for windows-amd64 JRE (21.0.1+12-LTS-29), built on 2023-10-05T13:27:09Z by "mach5one" with MS VC++ 17.1 (VS2022)

END.
